Started by user pranay
Checking out git https://github.com/sai-pranay-teja/JobManagement.git into /var/lib/jenkins/workspace/my-research-pipeline@script/0146aad64d0bfefbf1280cf3da085ce655f78a7a4c3d4cf8039b6116d9e90fc3 to read Jenkinsfile
The recommended git tool is: NONE
using credential b5a881c0-9f78-4ab0-99cd-2900e5d503b2
 > git rev-parse --resolve-git-dir /var/lib/jenkins/workspace/my-research-pipeline@script/0146aad64d0bfefbf1280cf3da085ce655f78a7a4c3d4cf8039b6116d9e90fc3/.git # timeout=10
Fetching changes from the remote Git repository
 > git config remote.origin.url https://github.com/sai-pranay-teja/JobManagement.git # timeout=10
Fetching upstream changes from https://github.com/sai-pranay-teja/JobManagement.git
 > git --version # timeout=10
 > git --version # 'git version 2.43.0'
using GIT_ASKPASS to set credentials 
 > git fetch --tags --force --progress -- https://github.com/sai-pranay-teja/JobManagement.git +refs/heads/*:refs/remotes/origin/* # timeout=10
 > git rev-parse refs/remotes/origin/main^{commit} # timeout=10
Checking out Revision c8808acb352e3d068752a14b3819a6a289d37205 (refs/remotes/origin/main)
 > git config core.sparsecheckout # timeout=10
 > git checkout -f c8808acb352e3d068752a14b3819a6a289d37205 # timeout=10
Commit message: "dsvcsd"
 > git rev-list --no-walk c8808acb352e3d068752a14b3819a6a289d37205 # timeout=10
[Pipeline] Start of Pipeline
[Pipeline] node
Running on Jenkins in /var/lib/jenkins/workspace/my-research-pipeline
[Pipeline] {
[Pipeline] stage
[Pipeline] { (Declarative: Checkout SCM)
[Pipeline] checkout
The recommended git tool is: NONE
using credential b5a881c0-9f78-4ab0-99cd-2900e5d503b2
 > git rev-parse --resolve-git-dir /var/lib/jenkins/workspace/my-research-pipeline/.git # timeout=10
Fetching changes from the remote Git repository
 > git config remote.origin.url https://github.com/sai-pranay-teja/JobManagement.git # timeout=10
Fetching upstream changes from https://github.com/sai-pranay-teja/JobManagement.git
 > git --version # timeout=10
 > git --version # 'git version 2.43.0'
using GIT_ASKPASS to set credentials 
 > git fetch --tags --force --progress -- https://github.com/sai-pranay-teja/JobManagement.git +refs/heads/*:refs/remotes/origin/* # timeout=10
 > git rev-parse refs/remotes/origin/main^{commit} # timeout=10
Checking out Revision c8808acb352e3d068752a14b3819a6a289d37205 (refs/remotes/origin/main)
 > git config core.sparsecheckout # timeout=10
 > git checkout -f c8808acb352e3d068752a14b3819a6a289d37205 # timeout=10
Commit message: "dsvcsd"
[Pipeline] }
[Pipeline] // stage
[Pipeline] withEnv
[Pipeline] {
[Pipeline] withEnv
[Pipeline] {
[Pipeline] stage
[Pipeline] { (Clean Workspace)
[Pipeline] cleanWs
[WS-CLEANUP] Deleting project workspace...
[WS-CLEANUP] done
[Pipeline] }
[Pipeline] // stage
[Pipeline] stage
[Pipeline] { (Initialize)
[Pipeline] script
[Pipeline] {
[Pipeline] sh
+ date +%s
[Pipeline] echo
Pipeline start time recorded: 1745414092
[Pipeline] }
[Pipeline] // script
[Pipeline] }
[Pipeline] // stage
[Pipeline] stage
[Pipeline] { (Checkout)
[Pipeline] git
The recommended git tool is: NONE
No credentials specified
Cloning the remote Git repository
Cloning repository https://github.com/sai-pranay-teja/JobManagement.git
 > git init /var/lib/jenkins/workspace/my-research-pipeline # timeout=10
Fetching upstream changes from https://github.com/sai-pranay-teja/JobManagement.git
 > git --version # timeout=10
 > git --version # 'git version 2.43.0'
 > git fetch --tags --force --progress -- https://github.com/sai-pranay-teja/JobManagement.git +refs/heads/*:refs/remotes/origin/* # timeout=10
 > git config remote.origin.url https://github.com/sai-pranay-teja/JobManagement.git # timeout=10
 > git config --add remote.origin.fetch +refs/heads/*:refs/remotes/origin/* # timeout=10
Avoid second fetch
 > git rev-parse refs/remotes/origin/main^{commit} # timeout=10
Checking out Revision c8808acb352e3d068752a14b3819a6a289d37205 (refs/remotes/origin/main)
 > git config core.sparsecheckout # timeout=10
 > git checkout -f c8808acb352e3d068752a14b3819a6a289d37205 # timeout=10
 > git branch -a -v --no-abbrev # timeout=10
 > git checkout -b main c8808acb352e3d068752a14b3819a6a289d37205 # timeout=10
Commit message: "dsvcsd"
[Pipeline] }
[Pipeline] // stage
[Pipeline] stage
[Pipeline] { (Build WAR)
[Pipeline] sh
+ mkdir -p build/WEB-INF/classes
[Pipeline] sh
+ find src -name *.java
+ javac -cp /var/lib/jenkins/workspace/my-research-pipeline/src/main/webapp/WEB-INF/lib/* -d build/WEB-INF/classes src/main/test/TestApp.java src/main/test/TestAppPart2.java src/main/test/TestAppPart1.java src/main/java/model/ApplicationController.java src/main/java/model/UserDAO.java src/main/java/model/Job.java src/main/java/model/DownloadResumeController.java src/main/java/model/UserController.java src/main/java/model/ApplicationDAO.java src/main/java/model/ViewJobsController.java src/main/java/model/DeleteJobController.java src/main/java/model/UpdateApplicationStatusController.java src/main/java/model/CancelApplicationController.java src/main/java/model/EmployerDashboardController.java src/main/java/model/Application.java src/main/java/model/JobDAO.java src/main/java/model/ViewApplicationsController.java src/main/java/model/User.java src/main/java/model/JobController.java src/main/java/model/LogoutServlet.java src/main/java/model/DatabaseUtil.java src/main/java/model/LoginController.java src/main/java/metrics/MetricRecord.java src/main/java/metrics/MetricsParser.java src/main/java/metrics/EfficiencyIndexCalculator.java src/main/java/metrics/ExportMetricsCSVServlet.java src/main/java/metrics/MetricsDashboardServlet.java
[Pipeline] sh
+ cp -R src/main/resources/config.properties build/WEB-INF/classes/
[Pipeline] sh
+ cp -R src/main/webapp/. build/
[Pipeline] sh
+ ls -l build/
[Pipeline] sh
+ mkdir -p build/logs
[Pipeline] sh
+ cp -R src/main/webapp/logs/codebuild-rollback.log src/main/webapp/logs/codebuild.log src/main/webapp/logs/gha-rollback.log src/main/webapp/logs/gha.log src/main/webapp/logs/jenkins-1.log src/main/webapp/logs/jenkins-2.log src/main/webapp/logs/jenkins-3.log src/main/webapp/logs/jenkins-4.log src/main/webapp/logs/jenkins-rollback.log src/main/webapp/logs/jenkins.log build/logs/
[Pipeline] sh
+ jar -cvf JobManagement_JENKINS.war -C build .
added manifest
adding: WEB-INF/(in = 0) (out= 0)(stored 0%)
adding: WEB-INF/classes/(in = 0) (out= 0)(stored 0%)
adding: WEB-INF/classes/TestApp.class(in = 393) (out= 278)(deflated 29%)
adding: WEB-INF/classes/TestAppPart1.class(in = 3452) (out= 1806)(deflated 47%)
adding: WEB-INF/classes/TestAppPart2.class(in = 644) (out= 427)(deflated 33%)
adding: WEB-INF/classes/config.properties(in = 132) (out= 117)(deflated 11%)
adding: WEB-INF/classes/metrics/(in = 0) (out= 0)(stored 0%)
adding: WEB-INF/classes/metrics/EfficiencyIndexCalculator.class(in = 796) (out= 525)(deflated 34%)
adding: WEB-INF/classes/metrics/ExportMetricsCSVServlet.class(in = 6498) (out= 2925)(deflated 54%)
adding: WEB-INF/classes/metrics/MetricRecord.class(in = 1674) (out= 687)(deflated 58%)
adding: WEB-INF/classes/metrics/MetricsDashboardServlet.class(in = 5675) (out= 2430)(deflated 57%)
adding: WEB-INF/classes/metrics/MetricsParser.class(in = 4726) (out= 2604)(deflated 44%)
adding: WEB-INF/classes/model/(in = 0) (out= 0)(stored 0%)
adding: WEB-INF/classes/model/Application.class(in = 1590) (out= 612)(deflated 61%)
adding: WEB-INF/classes/model/ApplicationController.class(in = 3616) (out= 1875)(deflated 48%)
adding: WEB-INF/classes/model/ApplicationDAO.class(in = 5283) (out= 2359)(deflated 55%)
adding: WEB-INF/classes/model/CancelApplicationController.class(in = 1651) (out= 892)(deflated 45%)
adding: WEB-INF/classes/model/DatabaseUtil.class(in = 2328) (out= 1292)(deflated 44%)
adding: WEB-INF/classes/model/DeleteJobController.class(in = 2258) (out= 1186)(deflated 47%)
adding: WEB-INF/classes/model/DownloadResumeController.class(in = 2480) (out= 1328)(deflated 46%)
adding: WEB-INF/classes/model/EmployerDashboardController.class(in = 2913) (out= 1419)(deflated 51%)
adding: WEB-INF/classes/model/Job.class(in = 1299) (out= 572)(deflated 55%)
adding: WEB-INF/classes/model/JobController.class(in = 2383) (out= 1287)(deflated 45%)
adding: WEB-INF/classes/model/JobDAO.class(in = 5248) (out= 2320)(deflated 55%)
adding: WEB-INF/classes/model/LoginController.class(in = 2435) (out= 1246)(deflated 48%)
adding: WEB-INF/classes/model/LogoutServlet.class(in = 969) (out= 538)(deflated 44%)
adding: WEB-INF/classes/model/UpdateApplicationStatusController.class(in = 1727) (out= 926)(deflated 46%)
adding: WEB-INF/classes/model/User.class(in = 1110) (out= 469)(deflated 57%)
adding: WEB-INF/classes/model/UserController.class(in = 2109) (out= 1166)(deflated 44%)
adding: WEB-INF/classes/model/UserDAO.class(in = 4628) (out= 2108)(deflated 54%)
adding: WEB-INF/classes/model/ViewApplicationsController.class(in = 2475) (out= 1233)(deflated 50%)
adding: WEB-INF/classes/model/ViewJobsController.class(in = 3200) (out= 1653)(deflated 48%)
adding: WEB-INF/lib/(in = 0) (out= 0)(stored 0%)
adding: WEB-INF/lib/commons-fileupload2-core-2.0.0-M2.jar(in = 63228) (out= 55526)(deflated 12%)
adding: WEB-INF/lib/commons-io-2.18.0.jar(in = 538910) (out= 479979)(deflated 10%)
adding: WEB-INF/lib/hamcrest-core-1.3.jar(in = 45024) (out= 39918)(deflated 11%)
adding: WEB-INF/lib/jakarta.servlet-api-6.0.0.jar(in = 347613) (out= 324001)(deflated 6%)
adding: WEB-INF/lib/jakarta.servlet.jsp.jstl-3.0.0.jar(in = 3712950) (out= 3357798)(deflated 9%)
adding: WEB-INF/lib/jakarta.servlet.jsp.jstl-api-3.0.0.jar(in = 46041) (out= 41321)(deflated 10%)
adding: WEB-INF/lib/junit-platform-console-standalone-1.9.2.jar(in = 2614420) (out= 2294330)(deflated 12%)
adding: WEB-INF/lib/mysql-connector-j-9.2.0.jar(in = 2609756) (out= 2445064)(deflated 6%)
adding: WEB-INF/web.xml(in = 1218) (out= 397)(deflated 67%)
adding: css/(in = 0) (out= 0)(stored 0%)
adding: css/styles.css(in = 4741) (out= 1265)(deflated 73%)
adding: dashboard.jsp(in = 941) (out= 435)(deflated 53%)
adding: employerDashboard.jsp(in = 2440) (out= 870)(deflated 64%)
adding: error.jsp(in = 327) (out= 232)(deflated 29%)
adding: login.jsp(in = 606) (out= 335)(deflated 44%)
adding: logs/(in = 0) (out= 0)(stored 0%)
adding: logs/codebuild-rollback.log(in = 26758) (out= 3486)(deflated 86%)
adding: logs/codebuild.log(in = 20462) (out= 4294)(deflated 79%)
adding: logs/gha-rollback.log(in = 41669) (out= 9105)(deflated 78%)
adding: logs/gha.log(in = 57429) (out= 12210)(deflated 78%)
adding: logs/jenkins-1.log(in = 32996) (out= 6427)(deflated 80%)
adding: logs/jenkins-2.log(in = 33005) (out= 6420)(deflated 80%)
adding: logs/jenkins-3.log(in = 23908) (out= 5358)(deflated 77%)
adding: logs/jenkins-4.log(in = 33002) (out= 6389)(deflated 80%)
adding: logs/jenkins-rollback.log(in = 11672) (out= 2705)(deflated 76%)
adding: logs/jenkins.log(in = 32974) (out= 6426)(deflated 80%)
adding: metrics.jsp(in = 3715) (out= 1269)(deflated 65%)
adding: postJob.jsp(in = 899) (out= 454)(deflated 49%)
adding: register.jsp(in = 931) (out= 410)(deflated 55%)
adding: viewApplications.jsp(in = 3165) (out= 1113)(deflated 64%)
adding: viewJobs.jsp(in = 5148) (out= 1546)(deflated 69%)
[Pipeline] }
[Pipeline] // stage
[Pipeline] stage
[Pipeline] { (Backup WAR)
[Pipeline] script
[Pipeline] {
[Pipeline] fileExists
[Pipeline] sh
+ mkdir -p /tmp/jenkins_bak
[Pipeline] sh
+ cp /var/lib/jenkins/workspace/my-research-pipeline/JobManagement_JENKINS.war /tmp/jenkins_bak/JobManagement_JENKINS.war_bak
[Pipeline] echo
Backup saved: /tmp/jenkins_bak/JobManagement_JENKINS.war_bak
[Pipeline] }
[Pipeline] // script
[Pipeline] }
[Pipeline] // stage
[Pipeline] stage
[Pipeline] { (Run Unit Tests)
[Pipeline] sh
+ mkdir -p /var/lib/jenkins/workspace/my-research-pipeline/test_output
+ find /var/lib/jenkins/workspace/my-research-pipeline/src/main/test -name *.java
+ javac -cp /var/lib/jenkins/workspace/my-research-pipeline/src/main/webapp/WEB-INF/lib/*:/var/lib/jenkins/workspace/my-research-pipeline/src -d /var/lib/jenkins/workspace/my-research-pipeline/test_output /var/lib/jenkins/workspace/my-research-pipeline/src/main/test/TestApp.java /var/lib/jenkins/workspace/my-research-pipeline/src/main/test/TestAppPart2.java /var/lib/jenkins/workspace/my-research-pipeline/src/main/test/TestAppPart1.java
+ java -cp /var/lib/jenkins/workspace/my-research-pipeline/test_output:/var/lib/jenkins/workspace/my-research-pipeline/src/main/webapp/WEB-INF/lib/* org.junit.platform.console.ConsoleLauncher --scan-class-path /var/lib/jenkins/workspace/my-research-pipeline/test_output --details summary
+ true
[Pipeline] script
[Pipeline] {
[Pipeline] readFile
[Pipeline] echo
Test Results Summary:
Thanks for using JUnit! Support its development at https://junit.org/sponsoring


Failures (2):
  JUnit Jupiter:TestAppPart1:testDatabaseConnection()
    MethodSource [className = 'TestAppPart1', methodName = 'testDatabaseConnection', methodParameterTypes = '']
    => org.opentest4j.AssertionFailedError: Database connection failed: config.properties not found
       org.junit.jupiter.api.AssertionUtils.fail(AssertionUtils.java:38)
       org.junit.jupiter.api.Assertions.fail(Assertions.java:135)
       TestAppPart1.testDatabaseConnection(TestAppPart1.java:31)
       java.base/jdk.internal.reflect.DirectMethodHandleAccessor.invoke(DirectMethodHandleAccessor.java:103)
       java.base/java.lang.reflect.Method.invoke(Method.java:580)
       org.junit.platform.commons.util.ReflectionUtils.invokeMethod(ReflectionUtils.java:727)
       org.junit.jupiter.engine.execution.MethodInvocation.proceed(MethodInvocation.java:60)
       org.junit.jupiter.engine.execution.InvocationInterceptorChain$ValidatingInvocation.proceed(InvocationInterceptorChain.java:131)
       org.junit.jupiter.engine.extension.TimeoutExtension.intercept(TimeoutExtension.java:156)
       org.junit.jupiter.engine.extension.TimeoutExtension.interceptTestableMethod(TimeoutExtension.java:147)
       [...]
  JUnit Jupiter:TestAppPart1:testQueryExecution()
    MethodSource [className = 'TestAppPart1', methodName = 'testQueryExecution', methodParameterTypes = '']
    => org.opentest4j.AssertionFailedError: Query execution failed: config.properties not found
       org.junit.jupiter.api.AssertionUtils.fail(AssertionUtils.java:38)
       org.junit.jupiter.api.Assertions.fail(Assertions.java:135)
       TestAppPart1.testQueryExecution(TestAppPart1.java:45)
       java.base/jdk.internal.reflect.DirectMethodHandleAccessor.invoke(DirectMethodHandleAccessor.java:103)
       java.base/java.lang.reflect.Method.invoke(Method.java:580)
       org.junit.platform.commons.util.ReflectionUtils.invokeMethod(ReflectionUtils.java:727)
       org.junit.jupiter.engine.execution.MethodInvocation.proceed(MethodInvocation.java:60)
       org.junit.jupiter.engine.execution.InvocationInterceptorChain$ValidatingInvocation.proceed(InvocationInterceptorChain.java:131)
       org.junit.jupiter.engine.extension.TimeoutExtension.intercept(TimeoutExtension.java:156)
       org.junit.jupiter.engine.extension.TimeoutExtension.interceptTestableMethod(TimeoutExtension.java:147)
       [...]

Test run finished after 95 ms
[         6 containers found      ]
[         0 containers skipped    ]
[         6 containers started    ]
[         0 containers aborted    ]
[         6 containers successful ]
[         0 containers failed     ]
[         5 tests found           ]
[         0 tests skipped         ]
[         5 tests started         ]
[         0 tests aborted         ]
[         3 tests successful      ]
[         2 tests failed          ]
[Pipeline] }
[Pipeline] // script
[Pipeline] }
[Pipeline] // stage
[Pipeline] stage
[Pipeline] { (Measure Resource Usage Before Deployment)
[Pipeline] sh
+ vmstat -s
+ awk {printf "%.2f MB - %s\n", $1/1024, substr($0, index($0,$2))}
[Pipeline] sh
+ free -h
[Pipeline] }
[Pipeline] // stage
[Pipeline] stage
[Pipeline] { (Deploy and Restart Tomcat)
[Pipeline] script
[Pipeline] {
[Pipeline] sh
+ date +%s
[Pipeline] sh
+ git log -1 --format=%ct
[Pipeline] echo
Lead Time for Changes (time from last commit to deployment start): 1529 seconds
[Pipeline] sh
+ date
+ echo Starting deployment at Wed Apr 23 13:15:03 UTC 2025
+ scp -o StrictHostKeyChecking=no -i /var/lib/jenkins/.ssh/id_rsa /var/lib/jenkins/workspace/my-research-pipeline/JobManagement_JENKINS.war root@18.60.149.136:/opt/tomcat10/webapps/
+ ssh -o StrictHostKeyChecking=no -i /var/lib/jenkins/.ssh/id_rsa root@18.60.149.136
Pseudo-terminal will not be allocated because stdin is not a terminal.
Welcome to Ubuntu 24.04.2 LTS (GNU/Linux 6.8.0-1027-aws x86_64)

 * Documentation:  https://help.ubuntu.com
 * Management:     https://landscape.canonical.com
 * Support:        https://ubuntu.com/pro

 System information as of Wed Apr 23 13:14:33 UTC 2025

  System load:  0.11              Temperature:           -273.1 C
  Usage of /:   68.5% of 6.71GB   Processes:             120
  Memory usage: 29%               Users logged in:       1
  Swap usage:   0%                IPv4 address for ens5: 172.31.20.166

 * Ubuntu Pro delivers the most comprehensive open source security and
   compliance features.

   https://ubuntu.com/aws/pro

Expanded Security Maintenance for Applications is not enabled.

2 updates can be applied immediately.
To see these additional updates run: apt list --upgradable

Enable ESM Apps to receive additional future security updates.
See https://ubuntu.com/esm or run: sudo pro status


Apr 23, 2025 1:15:09 PM org.apache.catalina.startup.Catalina stopServer
SEVERE: Could not contact [localhost:8005] (base port [8005] and offset [0]). Tomcat may not be running.
Apr 23, 2025 1:15:09 PM org.apache.catalina.startup.Catalina stopServer
SEVERE: Error stopping Catalina
java.net.ConnectException: Connection refused
	at java.base/sun.nio.ch.Net.connect0(Native Method)
	at java.base/sun.nio.ch.Net.connect(Net.java:589)
	at java.base/sun.nio.ch.Net.connect(Net.java:578)
	at java.base/sun.nio.ch.NioSocketImpl.connect(NioSocketImpl.java:583)
	at java.base/java.net.SocksSocketImpl.connect(SocksSocketImpl.java:327)
	at java.base/java.net.Socket.connect(Socket.java:751)
	at java.base/java.net.Socket.connect(Socket.java:686)
	at java.base/java.net.Socket.<init>(Socket.java:555)
	at java.base/java.net.Socket.<init>(Socket.java:324)
	at org.apache.catalina.startup.Catalina.stopServer(Catalina.java:657)
	at java.base/jdk.internal.reflect.DirectMethodHandleAccessor.invoke(DirectMethodHandleAccessor.java:103)
	at java.base/java.lang.reflect.Method.invoke(Method.java:580)
	at org.apache.catalina.startup.Bootstrap.stopServer(Bootstrap.java:393)
	at org.apache.catalina.startup.Bootstrap.main(Bootstrap.java:478)

Tomcat started.
+ tail -f /opt/tomcat10/logs/catalina.out
+ read line
+ echo at org.apache.catalina.startup.Bootstrap.start(Bootstrap.java:345)
+ grep -q Deployment of web application archive
+ read line
+ echo at org.apache.catalina.startup.Bootstrap.main(Bootstrap.java:473)
+ grep -q Deployment of web application archive
+ read line
+ echo 23-Apr-2025 13:13:32.555 INFO [main] org.apache.coyote.AbstractProtocol.pause Pausing ProtocolHandler ["http-nio-8090"]
+ grep -q Deployment of web application archive
+ read line
+ + grep -q Deployment of web application archive
echo 23-Apr-2025 13:13:32.555 INFO [main] org.apache.catalina.core.StandardService.stopInternal Stopping service [Catalina]
+ read line
+ echo 23-Apr-2025 13:13:32.607 INFO [main] org.apache.coyote.AbstractProtocol.stop Stopping ProtocolHandler ["http-nio-8090"]
+ grep -q Deployment of web application archive
+ read line
+ echo 23-Apr-2025 13:13:32.609 INFO [main] org.apache.coyote.AbstractProtocol.destroy Destroying ProtocolHandler ["http-nio-8090"]
+ grep -q Deployment of web application archive
+ read line
+ echo 23-Apr-2025 13:15:04.744 INFO [Thread-1] org.apache.coyote.AbstractProtocol.pause Pausing ProtocolHandler ["http-nio-8090"]
+ grep -q Deployment of web application archive
+ read line
+ echo 23-Apr-2025 13:15:04.747 INFO [Thread-1] org.apache.catalina.core.StandardService.stopInternal Stopping service [Catalina]
+ grep -q Deployment of web application archive
+ read line
+ echo 23-Apr-2025 13:15:04.764 INFO [Thread-1] org.apache.coyote.AbstractProtocol.stop Stopping ProtocolHandler ["http-nio-8090"]
+ grep -q Deployment of web application archive
+ read line
+ echo 23-Apr-2025 13:15:04.772 INFO [Thread-1] org.apache.coyote.AbstractProtocol.destroy Destroying ProtocolHandler ["http-nio-8090"]
+ grep -q Deployment of web application archive
+ read line
+ echo 23-Apr-2025 13:15:10.435 INFO [main] org.apache.catalina.startup.VersionLoggerListener.log Server version name:   Apache Tomcat/10.1.39
+ grep -q Deployment of web application archive
+ read line
+ echo 23-Apr-2025 13:15:10.440 INFO [main] org.apache.catalina.startup.VersionLoggerListener.log Server built:          Mar 4 2025 19:02:32 UTC
+ grep -q Deployment of web application archive
+ read line
+ grep+  -q Deployment of web application archive
echo 23-Apr-2025 13:15:10.441 INFO [main] org.apache.catalina.startup.VersionLoggerListener.log Server version number: 10.1.39.0
+ read line
+ echo 23-Apr-2025 13:15:10.445 INFO [main] org.apache.catalina.startup.VersionLoggerListener.log OS Name:               Linux
+ grep -q Deployment of web application archive
+ read line
+ echo 23-Apr-2025 13:15:10.445 INFO [main] org.apache.catalina.startup.VersionLoggerListener.log OS Version:            6.8.0-1027-aws
+ grep -q Deployment of web application archive
+ read line
+ echo 23-Apr-2025 13:15:10.445 INFO [main] org.apache.catalina.startup.VersionLoggerListener.log Architecture:          amd64
+ grep -q Deployment of web application archive
+ read line
+ echo 23-Apr-2025 13:15:10.445 INFO [main] org.apache.catalina.startup.VersionLoggerListener.log Java Home:             /usr/lib/jvm/java-21-openjdk-amd64
+ grep -q Deployment of web application archive
+ read line
+ grep -q Deployment of web application archive
+ echo 23-Apr-2025 13:15:10.445 INFO [main] org.apache.catalina.startup.VersionLoggerListener.log JVM Version:           21.0.6+7-Ubuntu-124.04.1
+ read line
+ echo 23-Apr-2025 13:15:10.445 INFO [main] org.apache.catalina.startup.VersionLoggerListener.log JVM Vendor:            Ubuntu
+ grep -q Deployment of web application archive
+ read line
+ grep -q Deployment of web application archive
+ echo 23-Apr-2025 13:15:10.445 INFO [main] org.apache.catalina.startup.VersionLoggerListener.log CATALINA_BASE:         /opt/tomcat10
+ read line
+ echo 23-Apr-2025 13:15:10.445 INFO [main] org.apache.catalina.startup.VersionLoggerListener.log CATALINA_HOME:         /opt/tomcat10
+ grep -q Deployment of web application archive
+ read line
+ + grep -q Deployment of web application archive
echo 23-Apr-2025 13:15:10.469 INFO [main] org.apache.catalina.startup.VersionLoggerListener.log Command line argument: -Djava.util.logging.config.file=/opt/tomcat10/conf/logging.properties
+ read line
+ echo 23-Apr-2025 13:15:10.469 INFO [main] org.apache.catalina.startup.VersionLoggerListener.log Command line argument: -Djava.util.logging.manager=org.apache.juli.ClassLoaderLogManager
+ grep -q Deployment of web application archive
+ read line
+ echo 23-Apr-2025 13:15:10.469 INFO [main] org.apache.catalina.startup.VersionLoggerListener.log Command line argument: -Djdk.tls.ephemeralDHKeySize=2048
+ grep -q Deployment of web application archive
+ read line
+ grep -q Deployment of web application archive
+ echo 23-Apr-2025 13:15:10.469 INFO [main] org.apache.catalina.startup.VersionLoggerListener.log Command line argument: -Djava.protocol.handler.pkgs=org.apache.catalina.webresources
+ read line
+ echo 23-Apr-2025 13:15:10.469 INFO [main] org.apache.catalina.startup.VersionLoggerListener.log Command line argument: -Dsun.io.useCanonCaches=false
+ grep -q Deployment of web application archive
+ read line
+ echo 23-Apr-2025 13:15:10.469 INFO [main] org.apache.catalina.startup.VersionLoggerListener.log Command line argument: -Dorg.apache.catalina.security.SecurityListener.UMASK=0027
+ grep -q Deployment of web application archive
+ read line
+ echo 23-Apr-2025 13:15:10.469 INFO [main] org.apache.catalina.startup.VersionLoggerListener.log Command line argument: --add-opens=java.base/java.lang=ALL-UNNAMED
+ grep -q Deployment of web application archive
+ read line
+ echo 23-Apr-2025 13:15:10.469 INFO [main] org.apache.catalina.startup.VersionLoggerListener.log Command line argument: --add-opens=java.base/java.lang.reflect=ALL-UNNAMED
+ grep -q Deployment of web application archive
+ read line
+ echo 23-Apr-2025 13:15:10.470 INFO [main] org.apache.catalina.startup.VersionLoggerListener.log Command line argument: --add-opens=java.base/java.io=ALL-UNNAMED
+ grep -q Deployment of web application archive
+ read line
+ echo 23-Apr-2025 13:15:10.470 INFO [main] org.apache.catalina.startup.VersionLoggerListener.log Command line argument: --add-opens=java.base/java.util=ALL-UNNAMED
+ grep -q Deployment of web application archive
+ read line
+ echo 23-Apr-2025 13:15:10.470 INFO [main] org.apache.catalina.startup.VersionLoggerListener.log Command line argument: --add-opens=java.base/java.util.concurrent=ALL-UNNAMED
+ grep -q Deployment of web application archive
+ read line
+ + grep -q Deployment of web application archive
echo 23-Apr-2025 13:15:10.470 INFO [main] org.apache.catalina.startup.VersionLoggerListener.log Command line argument: --add-opens=java.rmi/sun.rmi.transport=ALL-UNNAMED
+ read line
+ grep -q Deployment of web application archive
+ echo 23-Apr-2025 13:15:10.470 INFO [main] org.apache.catalina.startup.VersionLoggerListener.log Command line argument: -Dcatalina.base=/opt/tomcat10
+ read line
+ echo 23-Apr-2025 13:15:10.470 INFO [main] org.apache.catalina.startup.VersionLoggerListener.log Command line argument: -Dcatalina.home=/opt/tomcat10
+ grep -q Deployment of web application archive
+ read line
+ echo 23-Apr-2025 13:15:10.470 INFO [main] org.apache.catalina.startup.VersionLoggerListener.log Command line argument: -Djava.io.tmpdir=/opt/tomcat10/temp
+ grep -q Deployment of web application archive
+ read line
+ echo 23-Apr-2025 13:15:10.475 INFO [main] org.apache.catalina.core.AprLifecycleListener.lifecycleEvent The Apache Tomcat Native library which allows using OpenSSL was not found on the java.library.path: [/usr/java/packages/lib:/usr/lib/x86_64-linux-gnu/jni:/lib/x86_64-linux-gnu:/usr/lib/x86_64-linux-gnu:/usr/lib/jni:/lib:/usr/lib]
+ grep -q Deployment of web application archive
+ read line
+ echo 23-Apr-2025 13:15:10.865 INFO [main] org.apache.coyote.AbstractProtocol.init Initializing ProtocolHandler ["http-nio-8090"]
+ grep -q Deployment of web application archive
+ read line
+ echo 23-Apr-2025 13:15:10.890 INFO [main] org.apache.catalina.startup.Catalina.load Server initialization in [648] milliseconds
+ grep -q Deployment of web application archive
+ read line
+ echo 23-Apr-2025 13:15:10.943 INFO [main] org.apache.catalina.core.StandardService.startInternal Starting service [Catalina]
+ grep -q Deployment of web application archive
+ read line
+ echo 23-Apr-2025 13:15:10.944 INFO [main] org.apache.catalina.core.StandardEngine.startInternal Starting Servlet engine: [Apache Tomcat/10.1.39]
+ grep -q Deployment of web application archive
+ read line
+ + grep -q Deployment of web application archive
echo 23-Apr-2025 13:15:10.960 INFO [main] org.apache.catalina.startup.HostConfig.deployWAR Deploying web application archive [/opt/tomcat10/webapps/JobManagement_CODEBUILD.war]
+ read line
+ echo 23-Apr-2025 13:15:12.213 INFO [main] org.apache.jasper.servlet.TldScanner.scanJars At least one JAR was scanned for TLDs yet contained no TLDs. Enable debug logging for this logger for a complete list of JARs that were scanned but no TLDs were found in them. Skipping unneeded JARs during scanning can improve startup time and JSP compilation time.
+ grep -q Deployment of web application archive
+ read line
+ echo 23-Apr-2025 13:15:12.270 INFO [main] org.apache.catalina.startup.HostConfig.deployWAR Deployment of web application archive [/opt/tomcat10/webapps/JobManagement_CODEBUILD.war] has finished in [1,309] ms
+ grep -q Deployment of web application archive
+ break
[Pipeline] sh
+ date +%s
[Pipeline] sh
+ echo Deployment took 9 seconds.
[Pipeline] echo
Deployment completed in 9 seconds.
[Pipeline] }
[Pipeline] // script
[Pipeline] }
[Pipeline] // stage
[Pipeline] stage
[Pipeline] { (Measure Resource Usage After Deployment)
[Pipeline] sh
+ vmstat -s
+ awk {printf "%.2f MB - %s\n", $1/1024, substr($0, index($0,$2))}
[Pipeline] sh
+ free -h
[Pipeline] }
[Pipeline] // stage
[Pipeline] stage
[Pipeline] { (Declarative: Post Actions)
[Pipeline] script
[Pipeline] {
[Pipeline] sh
+ date +%s
[Pipeline] fileExists
[Pipeline] readFile
[Pipeline] fileExists
[Pipeline] readFile
[Pipeline] fileExists
[Pipeline] readFile
[Pipeline] fileExists
[Pipeline] readFile
[Pipeline] fileExists
[Pipeline] readFile
[Pipeline] fileExists
[Pipeline] fileExists
[Pipeline] readFile
[Pipeline] echo

[Pipeline] echo
-------------------------------------------------
[Pipeline] echo
              CI/CD Metrics Summary              
[Pipeline] echo
-------------------------------------------------
[Pipeline] echo
| Metric                              | Value           |
[Pipeline] echo
-------------------------------------------------
[Pipeline] echo
| Total Pipeline Time (sec)           | 21              |
[Pipeline] echo
| Deployment Time (sec)               | 9               |
[Pipeline] echo
| Lead Time for Changes (sec)         | 1529            |
[Pipeline] echo
| Cost (USD)                          | 0.0003          |
[Pipeline] echo
| Test Summary                        | [         5 tests found           ] | [         0 tests skipped         ] | [         5 tests started         ] | [         0 tests aborted         ] | [         3 tests successful      ] | [         2 tests failed          ] |
[Pipeline] echo
-------------------------------------------------
[Pipeline] echo

[Pipeline] echo
Memory Usage BEFORE Deployment (free -h):
[Pipeline] echo
-------------------------------------------------
[Pipeline] echo
total        used        free      shared  buff/cache   available
Mem:           3.7Gi       1.3Gi       1.7Gi       2.7Mi       1.0Gi       2.5Gi
Swap:             0B          0B          0B
[Pipeline] echo
-------------------------------------------------
[Pipeline] echo
Memory Usage AFTER Deployment (free -h):
[Pipeline] echo
-------------------------------------------------
[Pipeline] echo
total        used        free      shared  buff/cache   available
Mem:           3.7Gi       1.2Gi       1.8Gi       2.7Mi       1.0Gi       2.5Gi
Swap:             0B          0B          0B
[Pipeline] echo
-------------------------------------------------
[Pipeline] echo

[Pipeline] echo
Resource Usage BEFORE Deployment (vmstat):
[Pipeline] echo
-------------------------------------------------
[Pipeline] echo
3836.87 MB - K total memory
1291.30 MB - K used memory
1155.00 MB - K active memory
690.44 MB - K inactive memory
1765.19 MB - K free memory
95.39 MB - K buffer memory
929.33 MB - K swap cache
0.00 MB - K total swap
0.00 MB - K used swap
0.00 MB - K free swap
139.08 MB - non-nice user cpu ticks
0.29 MB - nice user cpu ticks
13.65 MB - system cpu ticks
5304.62 MB - idle cpu ticks
7.40 MB - IO-wait cpu ticks
0.00 MB - IRQ cpu ticks
0.28 MB - softirq cpu ticks
0.20 MB - stolen cpu ticks
0.00 MB - non-nice guest cpu ticks
0.00 MB - nice guest cpu ticks
770.24 MB - K paged in
4998.97 MB - K paged out
0.00 MB - pages swapped in
0.00 MB - pages swapped out
5681.00 MB - interrupts
8073.14 MB - CPU context switches
1704478.59 MB - boot time
45.56 MB - forks
[Pipeline] echo
-------------------------------------------------
[Pipeline] echo
Resource Usage AFTER Deployment (vmstat):
[Pipeline] echo
-------------------------------------------------
[Pipeline] echo
3836.87 MB - K total memory
1231.20 MB - K used memory
1129.91 MB - K active memory
690.63 MB - K inactive memory
1825.07 MB - K free memory
95.41 MB - K buffer memory
929.55 MB - K swap cache
0.00 MB - K total swap
0.00 MB - K used swap
0.00 MB - K free swap
139.75 MB - non-nice user cpu ticks
0.29 MB - nice user cpu ticks
13.72 MB - system cpu ticks
5305.88 MB - idle cpu ticks
7.43 MB - IO-wait cpu ticks
0.00 MB - IRQ cpu ticks
0.28 MB - softirq cpu ticks
0.20 MB - stolen cpu ticks
0.00 MB - non-nice guest cpu ticks
0.00 MB - nice guest cpu ticks
770.24 MB - K paged in
5016.38 MB - K paged out
0.00 MB - pages swapped in
0.00 MB - pages swapped out
5695.02 MB - interrupts
8087.23 MB - CPU context switches
1704478.59 MB - boot time
45.89 MB - forks
[Pipeline] echo
-------------------------------------------------
[Pipeline] }
[Pipeline] // script
[Pipeline] echo
Deployment successful!
[Pipeline] }
[Pipeline] // stage
[Pipeline] }
[Pipeline] // withEnv
[Pipeline] }
[Pipeline] // withEnv
[Pipeline] }
[Pipeline] // node
[Pipeline] End of Pipeline
Finished: SUCCESS
