Started by GitHub push by sai-pranay-teja
Checking out git https://github.com/sai-pranay-teja/JobManagement.git into /var/lib/jenkins/workspace/my-research-pipeline@script/0146aad64d0bfefbf1280cf3da085ce655f78a7a4c3d4cf8039b6116d9e90fc3 to read Jenkinsfile
The recommended git tool is: NONE
using credential b5a881c0-9f78-4ab0-99cd-2900e5d503b2
 > git rev-parse --resolve-git-dir /var/lib/jenkins/workspace/my-research-pipeline@script/0146aad64d0bfefbf1280cf3da085ce655f78a7a4c3d4cf8039b6116d9e90fc3/.git # timeout=10
Fetching changes from the remote Git repository
 > git config remote.origin.url https://github.com/sai-pranay-teja/JobManagement.git # timeout=10
Fetching upstream changes from https://github.com/sai-pranay-teja/JobManagement.git
 > git --version # timeout=10
 > git --version # 'git version 2.43.0'
using GIT_ASKPASS to set credentials 
 > git fetch --tags --force --progress -- https://github.com/sai-pranay-teja/JobManagement.git +refs/heads/*:refs/remotes/origin/* # timeout=10
 > git rev-parse refs/remotes/origin/main^{commit} # timeout=10
Checking out Revision 05e7164136b29861b39aa8bb48b70b1b0bfec8bb (refs/remotes/origin/main)
 > git config core.sparsecheckout # timeout=10
 > git checkout -f 05e7164136b29861b39aa8bb48b70b1b0bfec8bb # timeout=10
Commit message: "go again"
 > git rev-list --no-walk f7e60255f75a2d28c109c28d965ecf352da4ca5f # timeout=10
[Pipeline] Start of Pipeline
[Pipeline] node
Running on Jenkins in /var/lib/jenkins/workspace/my-research-pipeline
[Pipeline] {
[Pipeline] stage
[Pipeline] { (Declarative: Checkout SCM)
[Pipeline] checkout
The recommended git tool is: NONE
using credential b5a881c0-9f78-4ab0-99cd-2900e5d503b2
 > git rev-parse --resolve-git-dir /var/lib/jenkins/workspace/my-research-pipeline/.git # timeout=10
Fetching changes from the remote Git repository
 > git config remote.origin.url https://github.com/sai-pranay-teja/JobManagement.git # timeout=10
Fetching upstream changes from https://github.com/sai-pranay-teja/JobManagement.git
 > git --version # timeout=10
 > git --version # 'git version 2.43.0'
using GIT_ASKPASS to set credentials 
 > git fetch --tags --force --progress -- https://github.com/sai-pranay-teja/JobManagement.git +refs/heads/*:refs/remotes/origin/* # timeout=10
 > git rev-parse refs/remotes/origin/main^{commit} # timeout=10
Checking out Revision 05e7164136b29861b39aa8bb48b70b1b0bfec8bb (refs/remotes/origin/main)
 > git config core.sparsecheckout # timeout=10
 > git checkout -f 05e7164136b29861b39aa8bb48b70b1b0bfec8bb # timeout=10
Commit message: "go again"
[Pipeline] }
[Pipeline] // stage
[Pipeline] withEnv
[Pipeline] {
[Pipeline] withEnv
[Pipeline] {
[Pipeline] stage
[Pipeline] { (Initialize)
[Pipeline] script
[Pipeline] {
[Pipeline] sh
+ date +%s
[Pipeline] echo
Pipeline start time recorded: 1743778379
[Pipeline] }
[Pipeline] // script
[Pipeline] }
[Pipeline] // stage
[Pipeline] stage
[Pipeline] { (Checkout)
[Pipeline] git
The recommended git tool is: NONE
No credentials specified
 > git rev-parse --resolve-git-dir /var/lib/jenkins/workspace/my-research-pipeline/.git # timeout=10
Fetching changes from the remote Git repository
 > git config remote.origin.url https://github.com/sai-pranay-teja/JobManagement.git # timeout=10
Fetching upstream changes from https://github.com/sai-pranay-teja/JobManagement.git
 > git --version # timeout=10
 > git --version # 'git version 2.43.0'
 > git fetch --tags --force --progress -- https://github.com/sai-pranay-teja/JobManagement.git +refs/heads/*:refs/remotes/origin/* # timeout=10
 > git rev-parse refs/remotes/origin/main^{commit} # timeout=10
Checking out Revision 05e7164136b29861b39aa8bb48b70b1b0bfec8bb (refs/remotes/origin/main)
 > git config core.sparsecheckout # timeout=10
 > git checkout -f 05e7164136b29861b39aa8bb48b70b1b0bfec8bb # timeout=10
 > git branch -a -v --no-abbrev # timeout=10
 > git branch -D main # timeout=10
 > git checkout -b main 05e7164136b29861b39aa8bb48b70b1b0bfec8bb # timeout=10
Commit message: "go again"
[Pipeline] }
[Pipeline] // stage
[Pipeline] stage
[Pipeline] { (Build WAR)
[Pipeline] sh
+ mkdir -p build/WEB-INF/classes
[Pipeline] sh
+ find src -name *.java
+ javac -cp /var/lib/jenkins/workspace/my-research-pipeline/src/main/webapp/WEB-INF/lib/* -d build/WEB-INF/classes src/main/test/TestApp.java src/main/java/model/ApplicationController.java src/main/java/model/UserDAO.java src/main/java/model/Job.java src/main/java/model/DownloadResumeController.java src/main/java/model/UserController.java src/main/java/model/ApplicationDAO.java src/main/java/model/ViewJobsController.java src/main/java/model/DeleteJobController.java src/main/java/model/UpdateApplicationStatusController.java src/main/java/model/CancelApplicationController.java src/main/java/model/EmployerDashboardController.java src/main/java/model/Application.java src/main/java/model/JobDAO.java src/main/java/model/ViewApplicationsController.java src/main/java/model/User.java src/main/java/model/JobController.java src/main/java/model/LogoutServlet.java src/main/java/model/DatabaseUtil.java src/main/java/model/LoginController.java
[Pipeline] sh
+ cp -R src/main/resources/config.properties build/WEB-INF/classes/
[Pipeline] sh
+ cp -R src/main/webapp/WEB-INF src/main/webapp/css src/main/webapp/dashboard.jsp src/main/webapp/employerDashboard.jsp src/main/webapp/error.jsp src/main/webapp/login.jsp src/main/webapp/postJob.jsp src/main/webapp/register.jsp src/main/webapp/viewApplications.jsp src/main/webapp/viewJobs.jsp build/
[Pipeline] sh
+ jar -cvf JobManagement.war -C build .
added manifest
adding: WEB-INF/(in = 0) (out= 0)(stored 0%)
adding: WEB-INF/classes/(in = 0) (out= 0)(stored 0%)
adding: WEB-INF/classes/TestApp.class(in = 393) (out= 278)(deflated 29%)
adding: WEB-INF/classes/config.properties(in = 132) (out= 117)(deflated 11%)
adding: WEB-INF/classes/model/(in = 0) (out= 0)(stored 0%)
adding: WEB-INF/classes/model/Application.class(in = 1590) (out= 612)(deflated 61%)
adding: WEB-INF/classes/model/ApplicationController.class(in = 3616) (out= 1875)(deflated 48%)
adding: WEB-INF/classes/model/ApplicationDAO.class(in = 5283) (out= 2359)(deflated 55%)
adding: WEB-INF/classes/model/CancelApplicationController.class(in = 1651) (out= 892)(deflated 45%)
adding: WEB-INF/classes/model/DatabaseUtil.class(in = 2328) (out= 1292)(deflated 44%)
adding: WEB-INF/classes/model/DeleteJobController.class(in = 2258) (out= 1186)(deflated 47%)
adding: WEB-INF/classes/model/DownloadResumeController.class(in = 2480) (out= 1328)(deflated 46%)
adding: WEB-INF/classes/model/EmployerDashboardController.class(in = 2913) (out= 1419)(deflated 51%)
adding: WEB-INF/classes/model/Job.class(in = 1299) (out= 572)(deflated 55%)
adding: WEB-INF/classes/model/JobController.class(in = 2383) (out= 1287)(deflated 45%)
adding: WEB-INF/classes/model/JobDAO.class(in = 5248) (out= 2320)(deflated 55%)
adding: WEB-INF/classes/model/LoginController.class(in = 2435) (out= 1246)(deflated 48%)
adding: WEB-INF/classes/model/LogoutServlet.class(in = 969) (out= 538)(deflated 44%)
adding: WEB-INF/classes/model/UpdateApplicationStatusController.class(in = 1727) (out= 926)(deflated 46%)
adding: WEB-INF/classes/model/User.class(in = 1110) (out= 469)(deflated 57%)
adding: WEB-INF/classes/model/UserController.class(in = 2109) (out= 1166)(deflated 44%)
adding: WEB-INF/classes/model/UserDAO.class(in = 4628) (out= 2108)(deflated 54%)
adding: WEB-INF/classes/model/ViewApplicationsController.class(in = 2475) (out= 1233)(deflated 50%)
adding: WEB-INF/classes/model/ViewJobsController.class(in = 3200) (out= 1653)(deflated 48%)
adding: WEB-INF/lib/(in = 0) (out= 0)(stored 0%)
adding: WEB-INF/lib/commons-fileupload2-core-2.0.0-M2.jar(in = 63228) (out= 55526)(deflated 12%)
adding: WEB-INF/lib/commons-io-2.18.0.jar(in = 538910) (out= 479979)(deflated 10%)
adding: WEB-INF/lib/hamcrest-core-1.3.jar(in = 45024) (out= 39918)(deflated 11%)
adding: WEB-INF/lib/jakarta.servlet-api-6.0.0.jar(in = 347613) (out= 324001)(deflated 6%)
adding: WEB-INF/lib/jakarta.servlet.jsp.jstl-3.0.0.jar(in = 3712950) (out= 3357798)(deflated 9%)
adding: WEB-INF/lib/jakarta.servlet.jsp.jstl-api-3.0.0.jar(in = 46041) (out= 41321)(deflated 10%)
adding: WEB-INF/lib/junit-platform-console-standalone-1.9.2.jar(in = 2614420) (out= 2294330)(deflated 12%)
adding: WEB-INF/lib/mysql-connector-j-9.2.0.jar(in = 2609756) (out= 2445064)(deflated 6%)
adding: WEB-INF/web.xml(in = 671) (out= 295)(deflated 56%)
adding: css/(in = 0) (out= 0)(stored 0%)
adding: css/styles.css(in = 4741) (out= 1265)(deflated 73%)
adding: dashboard.jsp(in = 941) (out= 435)(deflated 53%)
adding: employerDashboard.jsp(in = 2440) (out= 870)(deflated 64%)
adding: error.jsp(in = 297) (out= 207)(deflated 30%)
adding: login.jsp(in = 606) (out= 335)(deflated 44%)
adding: postJob.jsp(in = 899) (out= 454)(deflated 49%)
adding: register.jsp(in = 931) (out= 410)(deflated 55%)
adding: viewApplications.jsp(in = 3165) (out= 1113)(deflated 64%)
adding: viewJobs.jsp(in = 5148) (out= 1546)(deflated 69%)
[Pipeline] }
[Pipeline] // stage
[Pipeline] stage
[Pipeline] { (Run Unit Tests)
[Pipeline] sh
+ mkdir -p /var/lib/jenkins/workspace/my-research-pipeline/test_output
+ find /var/lib/jenkins/workspace/my-research-pipeline/src/main/test -name *.java
+ javac -cp /var/lib/jenkins/workspace/my-research-pipeline/src/main/webapp/WEB-INF/lib/*:/var/lib/jenkins/workspace/my-research-pipeline/src -d /var/lib/jenkins/workspace/my-research-pipeline/test_output /var/lib/jenkins/workspace/my-research-pipeline/src/main/test/TestApp.java
+ java -cp /var/lib/jenkins/workspace/my-research-pipeline/test_output:/var/lib/jenkins/workspace/my-research-pipeline/src/main/webapp/WEB-INF/lib/* org.junit.platform.console.ConsoleLauncher --scan-class-path /var/lib/jenkins/workspace/my-research-pipeline/test_output --details summary
[Pipeline] script
[Pipeline] {
[Pipeline] readFile
[Pipeline] echo
Test Results Summary:
Thanks for using JUnit! Support its development at https://junit.org/sponsoring


Test run finished after 109 ms
[         4 containers found      ]
[         0 containers skipped    ]
[         4 containers started    ]
[         0 containers aborted    ]
[         4 containers successful ]
[         0 containers failed     ]
[         1 tests found           ]
[         0 tests skipped         ]
[         1 tests started         ]
[         0 tests aborted         ]
[         1 tests successful      ]
[         0 tests failed          ]
[Pipeline] }
[Pipeline] // script
[Pipeline] }
[Pipeline] // stage
[Pipeline] stage
[Pipeline] { (Measure Resource Usage Before Deployment)
[Pipeline] sh
+ vmstat -s
+ awk {printf "%.2f MB - %s\n", $1/1024, substr($0, index($0,$2))}
[Pipeline] sh
+ free -h
[Pipeline] }
[Pipeline] // stage
[Pipeline] stage
[Pipeline] { (Deploy and Restart Tomcat)
[Pipeline] script
[Pipeline] {
[Pipeline] sh
+ date +%s
[Pipeline] sh
+ git log -1 --format=%ct
[Pipeline] echo
Lead Time for Changes (time from last commit to deployment start): 26 seconds
[Pipeline] sh
+ date
+ echo Starting deployment at Fri Apr  4 14:53:07 UTC 2025
+ scp -o StrictHostKeyChecking=no -i /var/lib/jenkins/.ssh/id_rsa /var/lib/jenkins/workspace/my-research-pipeline/JobManagement.war root@40.192.55.121:/opt/tomcat10/webapps/
+ ssh -o StrictHostKeyChecking=no -i /var/lib/jenkins/.ssh/id_rsa root@40.192.55.121
Pseudo-terminal will not be allocated because stdin is not a terminal.
Welcome to Ubuntu 24.04.2 LTS (GNU/Linux 6.8.0-1026-aws x86_64)

 * Documentation:  https://help.ubuntu.com
 * Management:     https://landscape.canonical.com
 * Support:        https://ubuntu.com/pro

 System information as of Fri Apr  4 14:53:08 UTC 2025

  System load:  0.24              Temperature:           -273.1 C
  Usage of /:   65.8% of 6.71GB   Processes:             134
  Memory usage: 27%               Users logged in:       1
  Swap usage:   0%                IPv4 address for ens5: 172.31.20.166

 * Ubuntu Pro delivers the most comprehensive open source security and
   compliance features.

   https://ubuntu.com/aws/pro

Expanded Security Maintenance for Applications is not enabled.

29 updates can be applied immediately.
2 of these updates are standard security updates.
To see these additional updates run: apt list --upgradable

Enable ESM Apps to receive additional future security updates.
See https://ubuntu.com/esm or run: sudo pro status


-bash: line 3: /opt/tomcat10/bin/shutdown.sh: No such file or directory
Tomcat started.
+ tail -f /opt/tomcat10/logs/catalina.out
+ read line
+ echo 04-Apr-2025 14:38:36.548 INFO [main] org.apache.catalina.startup.HostConfig.deployDirectory Deploying web application directory [/opt/tomcat10/webapps/host-manager]
+ grep -q Deployment of web application archive
+ read line
+ echo 04-Apr-2025 14:38:36.585 INFO [main] org.apache.catalina.startup.HostConfig.deployDirectory Deployment of web application directory [/opt/tomcat10/webapps/host-manager] has finished in [36] ms
+ grep -q Deployment of web application archive
+ read line
+ echo 04-Apr-2025 14:38:36.586 INFO [main] org.apache.catalina.startup.HostConfig.deployDirectory Deploying web application directory [/opt/tomcat10/webapps/manager]
+ grep -q Deployment of web application archive
+ read line
+ echo 04-Apr-2025 14:38:36.607 INFO [main] org.apache.catalina.startup.HostConfig.deployDirectory Deployment of web application directory [/opt/tomcat10/webapps/manager] has finished in [22] ms
+ grep -q Deployment of web application archive
+ read line
+ echo 04-Apr-2025 14:38:36.611 INFO [main] org.apache.coyote.AbstractProtocol.start Starting ProtocolHandler ["http-nio-8090"]
+ grep -q Deployment of web application archive
+ read line
+ echo 04-Apr-2025 14:38:36.623 INFO [main] org.apache.catalina.startup.Catalina.start Server startup in [1833] milliseconds
+ grep -q Deployment of web application archive
+ read line
+ + grep -q Deployment of web application archive
echo 04-Apr-2025 14:53:08.968 INFO [Thread-1] org.apache.coyote.AbstractProtocol.pause Pausing ProtocolHandler ["http-nio-8090"]
+ read line
+ + grep -q Deployment of web application archive
echo 04-Apr-2025 14:53:08.972 INFO [Thread-1] org.apache.catalina.core.StandardService.stopInternal Stopping service [Catalina]
+ read line
+ + grep -q Deployment of web application archive
echo 04-Apr-2025 14:53:08.998 INFO [Thread-1] org.apache.coyote.AbstractProtocol.stop Stopping ProtocolHandler ["http-nio-8090"]
+ read line
+ + grep -q Deployment of web application archive
echo 04-Apr-2025 14:53:09.007 INFO [Thread-1] org.apache.coyote.AbstractProtocol.destroy Destroying ProtocolHandler ["http-nio-8090"]
+ read line
+ echo 04-Apr-2025 14:53:14.521 INFO [main] org.apache.catalina.startup.VersionLoggerListener.log Server version name:   Apache Tomcat/10.1.39
+ grep -q Deployment of web application archive
+ read line
+ echo 04-Apr-2025 14:53:14.533 INFO [main] org.apache.catalina.startup.VersionLoggerListener.log Server built:          Mar 4 2025 19:02:32 UTC
+ grep -q Deployment of web application archive
+ read line
+ echo 04-Apr-2025 14:53:14.533 INFO [main] org.apache.catalina.startup.VersionLoggerListener.log Server version number: 10.1.39.0
+ grep -q Deployment of web application archive
+ read line
+ echo 04-Apr-2025 14:53:14.533 INFO [main] org.apache.catalina.startup.VersionLoggerListener.log OS Name:               Linux
+ grep -q Deployment of web application archive
+ read line
+ grep -q Deployment of web application archive
+ echo 04-Apr-2025 14:53:14.534 INFO [main] org.apache.catalina.startup.VersionLoggerListener.log OS Version:            6.8.0-1026-aws
+ read line
+ grep -q Deployment of web application archive
+ echo 04-Apr-2025 14:53:14.534 INFO [main] org.apache.catalina.startup.VersionLoggerListener.log Architecture:          amd64
+ read line
+ echo 04-Apr-2025 14:53:14.534 INFO [main] org.apache.catalina.startup.VersionLoggerListener.log Java Home:             /usr/lib/jvm/java-21-openjdk-amd64
+ grep -q Deployment of web application archive
+ read line
+ + grep -q Deployment of web application archive
echo 04-Apr-2025 14:53:14.534 INFO [main] org.apache.catalina.startup.VersionLoggerListener.log JVM Version:           21.0.6+7-Ubuntu-124.04.1
+ read line
+ echo 04-Apr-2025 14:53:14.534 INFO [main] org.apache.catalina.startup.VersionLoggerListener.log JVM Vendor:            Ubuntu
+ grep -q Deployment of web application archive
+ read line
+ echo 04-Apr-2025 14:53:14.534 INFO [main] org.apache.catalina.startup.VersionLoggerListener.log CATALINA_BASE:         /opt/tomcat10
+ grep -q Deployment of web application archive
+ read line
+ grep -q Deployment of web application archive
+ echo 04-Apr-2025 14:53:14.534 INFO [main] org.apache.catalina.startup.VersionLoggerListener.log CATALINA_HOME:         /opt/tomcat10
+ read line
+ echo 04-Apr-2025 14:53:14.556 INFO [main] org.apache.catalina.startup.VersionLoggerListener.log Command line argument: -Djava.util.logging.config.file=/opt/tomcat10/conf/logging.properties
+ grep -q Deployment of web application archive
+ read line
+ echo 04-Apr-2025 14:53:14.556 INFO [main] org.apache.catalina.startup.VersionLoggerListener.log Command line argument: -Djava.util.logging.manager=org.apache.juli.ClassLoaderLogManager
+ grep -q Deployment of web application archive
+ read line
+ echo 04-Apr-2025 14:53:14.556 INFO [main] org.apache.catalina.startup.VersionLoggerListener.log Command line argument: -Djdk.tls.ephemeralDHKeySize=2048
+ grep -q Deployment of web application archive
+ read line
+ echo 04-Apr-2025 14:53:14.556 INFO [main] org.apache.catalina.startup.VersionLoggerListener.log Command line argument: -Djava.protocol.handler.pkgs=org.apache.catalina.webresources
+ grep -q Deployment of web application archive
+ read line
+ echo 04-Apr-2025 14:53:14.556 INFO [main] org.apache.catalina.startup.VersionLoggerListener.log Command line argument: -Dsun.io.useCanonCaches=false
+ grep -q Deployment of web application archive
+ read line
+ echo 04-Apr-2025 14:53:14.556 INFO [main] org.apache.catalina.startup.VersionLoggerListener.log Command line argument: -Dorg.apache.catalina.security.SecurityListener.UMASK=0027
+ grep -q Deployment of web application archive
+ read line
+ echo 04-Apr-2025 14:53:14.557 INFO [main] org.apache.catalina.startup.VersionLoggerListener.log Command line argument: --add-opens=java.base/java.lang=ALL-UNNAMED
+ grep -q Deployment of web application archive
+ read line
+ echo 04-Apr-2025 14:53:14.557 INFO [main] org.apache.catalina.startup.VersionLoggerListener.log Command line argument: --add-opens=java.base/java.lang.reflect=ALL-UNNAMED
+ grep -q Deployment of web application archive
+ read line
+ echo 04-Apr-2025 14:53:14.557 INFO [main] org.apache.catalina.startup.VersionLoggerListener.log Command line argument: --add-opens=java.base/java.io=ALL-UNNAMED
+ grep -q Deployment of web application archive
+ read line
+ echo 04-Apr-2025 14:53:14.557 INFO [main] org.apache.catalina.startup.VersionLoggerListener.log Command line argument: --add-opens=java.base/java.util=ALL-UNNAMED
+ grep -q Deployment of web application archive
+ read line
+ echo 04-Apr-2025 14:53:14.557 INFO [main] org.apache.catalina.startup.VersionLoggerListener.log Command line argument: --add-opens=java.base/java.util.concurrent=ALL-UNNAMED
+ grep -q Deployment of web application archive
+ read line
+ echo 04-Apr-2025 14:53:14.557 INFO [main] org.apache.catalina.startup.VersionLoggerListener.log Command line argument: --add-opens=java.rmi/sun.rmi.transport=ALL-UNNAMED
+ grep -q Deployment of web application archive
+ read line
+ echo 04-Apr-2025 14:53:14.557 INFO [main] org.apache.catalina.startup.VersionLoggerListener.log Command line argument: -Dcatalina.base=/opt/tomcat10
+ grep -q Deployment of web application archive
+ read line
+ echo 04-Apr-2025 14:53:14.557 INFO [main] org.apache.catalina.startup.VersionLoggerListener.log Command line argument: -Dcatalina.home=/opt/tomcat10
+ grep -q Deployment of web application archive
+ read line
+ echo 04-Apr-2025 14:53:14.557 INFO [main] org.apache.catalina.startup.VersionLoggerListener.log Command line argument: -Djava.io.tmpdir=/opt/tomcat10/temp
+ grep -q Deployment of web application archive
+ read line
+ echo 04-Apr-2025 14:53:14.566 INFO [main] org.apache.catalina.core.AprLifecycleListener.lifecycleEvent The Apache Tomcat Native library which allows using OpenSSL was not found on the java.library.path: [/usr/java/packages/lib:/usr/lib/x86_64-linux-gnu/jni:/lib/x86_64-linux-gnu:/usr/lib/x86_64-linux-gnu:/usr/lib/jni:/lib:/usr/lib]
+ grep -q Deployment of web application archive
+ read line
+ echo 04-Apr-2025 14:53:15.130 INFO [main] org.apache.coyote.AbstractProtocol.init Initializing ProtocolHandler ["http-nio-8090"]
+ grep -q Deployment of web application archive
+ read line
+ echo 04-Apr-2025 14:53:15.160 INFO [main] org.apache.catalina.startup.Catalina.load Server initialization in [878] milliseconds
+ grep -q Deployment of web application archive
+ read line
+ grep -q Deployment of web application archive
+ echo 04-Apr-2025 14:53:15.217 INFO [main] org.apache.catalina.core.StandardService.startInternal Starting service [Catalina]
+ read line
+ echo 04-Apr-2025 14:53:15.218 INFO [main] org.apache.catalina.core.StandardEngine.startInternal Starting Servlet engine: [Apache Tomcat/10.1.39]
+ grep -q Deployment of web application archive
+ read line
+ echo 04-Apr-2025 14:53:15.243 INFO [main] org.apache.catalina.startup.HostConfig.deployWAR Deploying web application archive [/opt/tomcat10/webapps/JobManagement.war]
+ grep -q Deployment of web application archive
+ read line
+ grep -q Deployment of web application archive
+ echo 04-Apr-2025 14:53:15.271 INFO [main] org.apache.catalina.startup.ExpandWar.expand An expanded directory [/opt/tomcat10/webapps/JobManagement] was found with a last modified time that did not match the associated WAR. It will be deleted.
+ read line
+ + grep -qecho Deployment of web application archive 04-Apr-2025 14:53:16.635 INFO [main] org.apache.jasper.servlet.TldScanner.scanJars At least one JAR was scanned for TLDs yet contained no TLDs. Enable debug logging for this logger for a complete list of JARs that were scanned but no TLDs were found in them. Skipping unneeded JARs during scanning can improve startup time and JSP compilation time.

+ read line
+ grep -q Deployment of web application archive
+ echo 04-Apr-2025 14:53:16.688 INFO [main] org.apache.catalina.startup.HostConfig.deployWAR Deployment of web application archive [/opt/tomcat10/webapps/JobManagement.war] has finished in [1,444] ms
+ break
[Pipeline] sh
+ date +%s
[Pipeline] sh
+ echo Deployment took 9 seconds.
[Pipeline] echo
Deployment completed in 9 seconds.
[Pipeline] }
[Pipeline] // script
[Pipeline] }
[Pipeline] // stage
[Pipeline] stage
[Pipeline] { (Measure Resource Usage After Deployment)
[Pipeline] sh
+ vmstat -s
+ awk {printf "%.2f MB - %s\n", $1/1024, substr($0, index($0,$2))}
[Pipeline] sh
+ free -h
[Pipeline] }
[Pipeline] // stage
[Pipeline] stage
[Pipeline] { (Display Metrics)
[Pipeline] script
[Pipeline] {
[Pipeline] sh
+ date +%s
[Pipeline] readFile
[Pipeline] readFile
[Pipeline] readFile
[Pipeline] readFile
[Pipeline] readFile
[Pipeline] fileExists
[Pipeline] readFile
[Pipeline] fileExists
[Pipeline] readFile
[Pipeline] echo

[Pipeline] echo
-------------------------------------------------
[Pipeline] echo
              CI/CD Metrics Summary              
[Pipeline] echo
-------------------------------------------------
[Pipeline] echo
| Metric                              | Value           |
[Pipeline] echo
-------------------------------------------------
[Pipeline] echo
| Total Pipeline Time (sec)           | 19              |
[Pipeline] echo
| Deployment Time (sec)               | 9               |
[Pipeline] echo
| Lead Time for Changes (sec)         | 26              |
[Pipeline] echo
| Rollback Time (sec)                 | 9778            |
[Pipeline] echo
| Test Summary                        | [         1 tests found           ] | [         0 tests skipped         ] | [         1 tests started         ] | [         0 tests aborted         ] | [         1 tests successful      ] | [         0 tests failed          ] |
[Pipeline] echo
-------------------------------------------------
[Pipeline] echo

[Pipeline] echo
Memory Usage BEFORE Deployment (free -h):
[Pipeline] echo
-------------------------------------------------
[Pipeline] echo
total        used        free      shared  buff/cache   available
Mem:           3.7Gi       1.2Gi       1.7Gi       2.7Mi       1.0Gi       2.5Gi
Swap:             0B          0B          0B
[Pipeline] echo
-------------------------------------------------
[Pipeline] echo
Memory Usage AFTER Deployment (free -h):
[Pipeline] echo
-------------------------------------------------
[Pipeline] echo
total        used        free      shared  buff/cache   available
Mem:           3.7Gi       1.2Gi       1.8Gi       2.7Mi       1.0Gi       2.5Gi
Swap:             0B          0B          0B
[Pipeline] echo
-------------------------------------------------
[Pipeline] echo

[Pipeline] echo
Resource Usage BEFORE Deployment (vmstat):
[Pipeline] echo
-------------------------------------------------
[Pipeline] echo
3836.89 MB - K total memory
1266.66 MB - K used memory
1153.67 MB - K active memory
665.14 MB - K inactive memory
1777.42 MB - K free memory
71.25 MB - K buffer memory
966.46 MB - K swap cache
0.00 MB - K total swap
0.00 MB - K used swap
0.00 MB - K free swap
44.25 MB - non-nice user cpu ticks
0.71 MB - nice user cpu ticks
7.16 MB - system cpu ticks
7881.60 MB - idle cpu ticks
2.64 MB - IO-wait cpu ticks
0.00 MB - IRQ cpu ticks
0.11 MB - softirq cpu ticks
1.84 MB - stolen cpu ticks
0.00 MB - non-nice guest cpu ticks
0.00 MB - nice guest cpu ticks
739.24 MB - K paged in
1324.10 MB - K paged out
0.00 MB - pages swapped in
0.00 MB - pages swapped out
4522.15 MB - interrupts
7510.02 MB - CPU context switches
1702868.85 MB - boot time
14.94 MB - forks
[Pipeline] echo
-------------------------------------------------
[Pipeline] echo
Resource Usage AFTER Deployment (vmstat):
[Pipeline] echo
-------------------------------------------------
[Pipeline] echo
3836.89 MB - K total memory
1240.99 MB - K used memory
1149.50 MB - K active memory
665.73 MB - K inactive memory
1802.48 MB - K free memory
71.72 MB - K buffer memory
966.62 MB - K swap cache
0.00 MB - K total swap
0.00 MB - K used swap
0.00 MB - K free swap
44.94 MB - non-nice user cpu ticks
0.71 MB - nice user cpu ticks
7.23 MB - system cpu ticks
7882.95 MB - idle cpu ticks
2.68 MB - IO-wait cpu ticks
0.00 MB - IRQ cpu ticks
0.12 MB - softirq cpu ticks
1.84 MB - stolen cpu ticks
0.00 MB - non-nice guest cpu ticks
0.00 MB - nice guest cpu ticks
739.24 MB - K paged in
1341.34 MB - K paged out
0.00 MB - pages swapped in
0.00 MB - pages swapped out
4536.15 MB - interrupts
7524.47 MB - CPU context switches
1702868.85 MB - boot time
15.31 MB - forks
[Pipeline] echo
-------------------------------------------------
[Pipeline] }
[Pipeline] // script
[Pipeline] }
[Pipeline] // stage
[Pipeline] stage
[Pipeline] { (Declarative: Post Actions)
[Pipeline] echo
Deployment successful!
[Pipeline] }
[Pipeline] // stage
[Pipeline] }
[Pipeline] // withEnv
[Pipeline] }
[Pipeline] // withEnv
[Pipeline] }
[Pipeline] // node
[Pipeline] End of Pipeline
Finished: SUCCESS
